<?xml version="1.0" encoding="UTF-8"?>
<!-- Generated by org.testng.reporters.JUnitReportReporter -->
<testsuite hostname="smitas-MacBook-Air.local" failures="0" tests="1" name="runTest" time="0.024" errors="0" timestamp="21 Jan 2020 18:18:01 GMT" skipped="0">
  <testcase classname="runTest" name="feature" time="0.024"/>
</testsuite> <!-- runTest -->
